<?xml version="1.0" encoding="UTF-8"?>
<!-- Generated by org.testng.reporters.JUnitReportReporter -->
<testsuite skipped="0" hostname="Muthu" name="dataProviderTestNG.Dataprovid" tests="12" failures="0" timestamp="25 Feb 2022 12:07:54 GMT" time="102.370" errors="0">
  <testcase name="test" time="7.352" classname="dataProviderTestNG.Dataprovid"/>
  <testcase name="test" time="4.592" classname="dataProviderTestNG.Dataprovid"/>
  <testcase name="test" time="3.912" classname="dataProviderTestNG.Dataprovid"/>
  <testcase name="test" time="4.343" classname="dataProviderTestNG.Dataprovid"/>
  <testcase name="test" time="6.235" classname="dataProviderTestNG.Dataprovid"/>
  <testcase name="test" time="9.905" classname="dataProviderTestNG.Dataprovid"/>
  <testcase name="test" time="5.755" classname="dataProviderTestNG.Dataprovid"/>
  <testcase name="test" time="3.982" classname="dataProviderTestNG.Dataprovid"/>
  <testcase name="test" time="8.225" classname="dataProviderTestNG.Dataprovid"/>
  <testcase name="test" time="7.016" classname="dataProviderTestNG.Dataprovid"/>
  <testcase name="test" time="10.803" classname="dataProviderTestNG.Dataprovid"/>
  <testcase name="test" time="30.250" classname="dataProviderTestNG.Dataprovid"/>
</testsuite> <!-- dataProviderTestNG.Dataprovid -->
