<?xml version="1.0" encoding="UTF-8"?>
<!-- Generated by org.testng.reporters.JUnitReportReporter -->
<testsuite skipped="0" hostname="Muthu" name="Adactin1.Employee" tests="1" failures="0" timestamp="24 Feb 2022 03:48:27 GMT" time="23.340" errors="0">
  <testcase name="adactin" time="23.340" classname="Adactin1.Employee"/>
</testsuite> <!-- Adactin1.Employee -->
